<?xml version="1.0" encoding="UTF-8"?>
<!-- Generated by org.testng.reporters.JUnitReportReporter -->
<testsuite hostname="Karad-Computer1" failures="0" tests="2" name="gm.ett.Runner" time="0.164" errors="0" timestamp="2025-02-07T13:20:30 IST" skipped="0">
  <testcase classname="gm.ett.Runner" name="runScenario" time="0.150"/>
  <testcase classname="gm.ett.Runner" name="runScenario" time="0.014"/>
</testsuite> <!-- gm.ett.Runner -->
