<?xml version="1.0" encoding="UTF-8"?>
<!-- Generated by org.testng.reporters.JUnitReportReporter -->
<testsuite hostname="Karad-Computer1" failures="0" tests="2" name="runner.Runner" time="0.181" errors="0" timestamp="2025-02-07T14:31:37 IST" skipped="0">
  <testcase classname="runner.Runner" name="runScenario" time="0.016"/>
  <testcase classname="runner.Runner" name="runScenario" time="0.165"/>
</testsuite> <!-- runner.Runner -->
