<?xml version="1.0" encoding="UTF-8"?>
<!-- Generated by org.testng.reporters.JUnitReportReporter -->
<testsuite hostname="Karad-Computer1" failures="0" tests="2" name="run.Runner" time="0.217" errors="0" timestamp="2025-02-07T14:51:44 IST" skipped="0">
  <testcase classname="run.Runner" name="runScenario" time="0.187"/>
  <testcase classname="run.Runner" name="runScenario" time="0.030"/>
</testsuite> <!-- run.Runner -->
